<?xml version="1.0" encoding="UTF-8"?>
<!-- Generated by org.testng.reporters.JUnitXMLReporter -->
<testsuite hostname="C40LAP-13013" ignored="0" name="Test" tests="3" failures="0" timestamp="2021-12-15T22:54:10 IST" time="24.241" errors="0">
  <testcase name="testlogin1" time="0.014" classname="com.browserautomation.webapptest"/>
  <testcase name="testloin2" time="0.001" classname="com.browserautomation.webapptest"/>
  <testcase name="login_Test" time="24.193" classname="com.browserautomation.TC_selenium"/>
</testsuite> <!-- Test -->
