<?xml version="1.0" encoding="UTF-8"?>
<!-- Generated by org.testng.reporters.JUnitXMLReporter -->
<testsuite hostname="C40LAP-13013" ignored="0" name="Test" tests="3" failures="0" timestamp="2021-12-15T22:55:00 IST" time="27.876" errors="0">
  <testcase name="testlogin1" time="0.007" classname="com.browserautomation.webapptest"/>
  <testcase name="testloin2" time="0.0" classname="com.browserautomation.webapptest"/>
  <testcase name="login_Test" time="27.833" classname="com.browserautomation.TC_selenium"/>
</testsuite> <!-- Test -->
