<?xml version="1.0" encoding="UTF-8"?>
<testng-results skipped="0" failed="0" ignored="0" total="3" passed="3">
  <reporter-output>
  </reporter-output>
  <suite name="Suite" duration-ms="27876" started-at="2021-12-15T22:54:32 IST" finished-at="2021-12-15T22:55:00 IST">
    <groups>
    </groups>
    <test name="Test" duration-ms="27876" started-at="2021-12-15T22:54:32 IST" finished-at="2021-12-15T22:55:00 IST">
      <class name="com.browserautomation.webapptest">
        <test-method status="PASS" signature="testlogin1()[pri:0, instance:com.browserautomation.webapptest@5d76b067]" name="testlogin1" duration-ms="7" started-at="2021-12-15T22:54:32 IST" finished-at="2021-12-15T22:54:32 IST">
          <reporter-output>
          </reporter-output>
        </test-method> <!-- testlogin1 -->
        <test-method status="PASS" signature="testloin2()[pri:0, instance:com.browserautomation.webapptest@5d76b067]" name="testloin2" duration-ms="0" started-at="2021-12-15T22:54:32 IST" finished-at="2021-12-15T22:54:32 IST">
          <reporter-output>
          </reporter-output>
        </test-method> <!-- testloin2 -->
      </class> <!-- com.browserautomation.webapptest -->
      <class name="com.browserautomation.TC_selenium">
        <test-method status="PASS" signature="login_Test()[pri:0, instance:com.browserautomation.TC_selenium@2a17b7b6]" name="login_Test" duration-ms="27833" started-at="2021-12-15T22:54:32 IST" finished-at="2021-12-15T22:55:00 IST">
          <reporter-output>
          </reporter-output>
        </test-method> <!-- login_Test -->
      </class> <!-- com.browserautomation.TC_selenium -->
    </test> <!-- Test -->
  </suite> <!-- Suite -->
</testng-results>
